0 info it worked if it ends with ok
1 verbose cli [ 'node', '/usr/local/bin/npm', 'i', '-g', 'nodewebkit' ]
2 info using npm@1.4.28
3 info using node@v0.10.36
4 verbose cache add [ 'nodewebkit', null ]
5 verbose cache add name=undefined spec="nodewebkit" args=["nodewebkit",null]
6 verbose parsed url { protocol: null,
6 verbose parsed url   slashes: null,
6 verbose parsed url   auth: null,
6 verbose parsed url   host: null,
6 verbose parsed url   port: null,
6 verbose parsed url   hostname: null,
6 verbose parsed url   hash: null,
6 verbose parsed url   search: null,
6 verbose parsed url   query: null,
6 verbose parsed url   pathname: 'nodewebkit',
6 verbose parsed url   path: 'nodewebkit',
6 verbose parsed url   href: 'nodewebkit' }
7 silly lockFile 67e75da8-nodewebkit nodewebkit
8 verbose lock nodewebkit /Users/kushnir/.npm/67e75da8-nodewebkit.lock
9 silly lockFile 67e75da8-nodewebkit nodewebkit
10 silly lockFile 67e75da8-nodewebkit nodewebkit
11 verbose addNamed [ 'nodewebkit', '' ]
12 verbose addNamed [ null, '*' ]
13 silly lockFile e9b2c223-nodewebkit nodewebkit@
14 verbose lock nodewebkit@ /Users/kushnir/.npm/e9b2c223-nodewebkit.lock
15 silly addNameRange { name: 'nodewebkit', range: '*', hasData: false }
16 verbose request where is /nodewebkit
17 verbose request registry https://registry.npmjs.org/
18 verbose request id 2a6c317c9c1e1568
19 verbose url raw /nodewebkit
20 verbose url resolving [ 'https://registry.npmjs.org/', './nodewebkit' ]
21 verbose url resolved https://registry.npmjs.org/nodewebkit
22 verbose request where is https://registry.npmjs.org/nodewebkit
23 info trying registry request attempt 1 at 22:03:39
24 http GET https://registry.npmjs.org/nodewebkit
25 http 200 https://registry.npmjs.org/nodewebkit
26 silly registry.get cb [ 200,
26 silly registry.get   { date: 'Tue, 10 Mar 2015 20:01:39 GMT',
26 silly registry.get     server: 'CouchDB/1.5.0 (Erlang OTP/R16B03)',
26 silly registry.get     etag: '"9DG8EI0NVC7UPJX4JX4BHW8GK"',
26 silly registry.get     'content-type': 'application/json',
26 silly registry.get     'cache-control': 'max-age=60',
26 silly registry.get     'content-length': '62605',
26 silly registry.get     'accept-ranges': 'bytes',
26 silly registry.get     via: '1.1 varnish',
26 silly registry.get     age: '0',
26 silly registry.get     'x-served-by': 'cache-fra1223-FRA',
26 silly registry.get     'x-cache': 'MISS',
26 silly registry.get     'x-cache-hits': '0',
26 silly registry.get     'x-timer': 'S1426017699.267408,VS0,VE423',
26 silly registry.get     vary: 'Accept',
26 silly registry.get     'keep-alive': 'timeout=10, max=50',
26 silly registry.get     connection: 'Keep-Alive' } ]
27 silly addNameRange number 2 { name: 'nodewebkit', range: '*', hasData: true }
28 silly addNameRange versions [ 'nodewebkit',
28 silly addNameRange   [ '0.7.3',
28 silly addNameRange     '0.7.4',
28 silly addNameRange     '0.7.5',
28 silly addNameRange     '0.7.5-1',
28 silly addNameRange     '0.7.5-2',
28 silly addNameRange     '0.7.5-3',
28 silly addNameRange     '0.8.0',
28 silly addNameRange     '0.8.1',
28 silly addNameRange     '0.8.2',
28 silly addNameRange     '0.8.2-1',
28 silly addNameRange     '0.8.4',
28 silly addNameRange     '0.8.4-1',
28 silly addNameRange     '0.8.4-2',
28 silly addNameRange     '0.9.2',
28 silly addNameRange     '0.9.2-1',
28 silly addNameRange     '0.8.5',
28 silly addNameRange     '0.9.2-2',
28 silly addNameRange     '0.8.5-1',
28 silly addNameRange     '0.8.5-2',
28 silly addNameRange     '0.8.5-3',
28 silly addNameRange     '0.9.2-3',
28 silly addNameRange     '0.8.5-4',
28 silly addNameRange     '0.9.2-4',
28 silly addNameRange     '0.8.5-5',
28 silly addNameRange     '0.8.6',
28 silly addNameRange     '0.9.2-5',
28 silly addNameRange     '0.8.6-1',
28 silly addNameRange     '0.8.6-2',
28 silly addNameRange     '0.9.2-6',
28 silly addNameRange     '0.8.6-3',
28 silly addNameRange     '0.10.0-rc1',
28 silly addNameRange     '0.9.2-7',
28 silly addNameRange     '0.10.0-rc1-1',
28 silly addNameRange     '0.9.2-8',
28 silly addNameRange     '0.10.0-rc1-2',
28 silly addNameRange     '0.10.0-rc1-3',
28 silly addNameRange     '0.10.0',
28 silly addNameRange     '0.10.1',
28 silly addNameRange     '0.10.1-1',
28 silly addNameRange     '0.10.2',
28 silly addNameRange     '0.10.3',
28 silly addNameRange     '0.10.4',
28 silly addNameRange     '0.10.5',
28 silly addNameRange     '0.11.0',
28 silly addNameRange     '0.11.1',
28 silly addNameRange     '0.11.2',
28 silly addNameRange     '0.11.2-1',
28 silly addNameRange     '0.11.3',
28 silly addNameRange     '0.11.4',
28 silly addNameRange     '0.11.5',
28 silly addNameRange     '0.11.6' ] ]
29 verbose addNamed [ 'nodewebkit', '0.11.6' ]
30 verbose addNamed [ '0.11.6', '0.11.6' ]
31 silly lockFile 87269be1-nodewebkit-0-11-6 nodewebkit@0.11.6
32 verbose lock nodewebkit@0.11.6 /Users/kushnir/.npm/87269be1-nodewebkit-0-11-6.lock
33 silly lockFile 88955082-nodewebkit-nodewebkit-0-11-6-tgz https://registry.npmjs.org/nodewebkit/-/nodewebkit-0.11.6.tgz
34 verbose lock https://registry.npmjs.org/nodewebkit/-/nodewebkit-0.11.6.tgz /Users/kushnir/.npm/88955082-nodewebkit-nodewebkit-0-11-6-tgz.lock
35 verbose addRemoteTarball [ 'https://registry.npmjs.org/nodewebkit/-/nodewebkit-0.11.6.tgz',
35 verbose addRemoteTarball   '9689a4e795120e1effcbfd12020c120d0e7c11ab' ]
36 info retry fetch attempt 1 at 22:03:41
37 verbose fetch to= /var/folders/kz/4s8cwlvs1dv2xjz6f36jty_m0000gn/T/npm-5585-uRJN9Wk3/registry.npmjs.org/nodewebkit/-/nodewebkit-0.11.6.tgz
38 http GET https://registry.npmjs.org/nodewebkit/-/nodewebkit-0.11.6.tgz
39 http 200 https://registry.npmjs.org/nodewebkit/-/nodewebkit-0.11.6.tgz
40 silly lockFile 88955082-nodewebkit-nodewebkit-0-11-6-tgz https://registry.npmjs.org/nodewebkit/-/nodewebkit-0.11.6.tgz
41 silly lockFile 88955082-nodewebkit-nodewebkit-0-11-6-tgz https://registry.npmjs.org/nodewebkit/-/nodewebkit-0.11.6.tgz
42 silly lockFile 87269be1-nodewebkit-0-11-6 nodewebkit@0.11.6
43 silly lockFile 87269be1-nodewebkit-0-11-6 nodewebkit@0.11.6
44 silly lockFile e9b2c223-nodewebkit nodewebkit@
45 silly lockFile e9b2c223-nodewebkit nodewebkit@
46 silly resolved [ { name: 'nodewebkit',
46 silly resolved     version: '0.11.6',
46 silly resolved     description: 'A installer for node-webkit',
46 silly resolved     repository: { type: 'git', url: 'git://github.com/shama/nodewebkit.git' },
46 silly resolved     main: 'index.js',
46 silly resolved     bin: { nodewebkit: 'bin/nodewebkit' },
46 silly resolved     scripts:
46 silly resolved      { postinstall: 'node scripts/install.js',
46 silly resolved        test: 'node test/index.js' },
46 silly resolved     files: [ 'lib', 'bin', 'scripts', 'index.js' ],
46 silly resolved     author: { name: 'Kyle Robinson Young' },
46 silly resolved     license: 'MIT',
46 silly resolved     dependencies:
46 silly resolved      { rimraf: '^2.2.2',
46 silly resolved        download: '^0.1.10',
46 silly resolved        multimeter: '^0.1.1',
46 silly resolved        yargs: '^1.2.1',
46 silly resolved        semver: '^2.3.1' },
46 silly resolved     devDependencies: { request: '^2.30.0', tape: '^2.12.3' },
46 silly resolved     keywords: [ 'node-webkit', 'webkit', 'installer', 'desktop', 'application' ],
46 silly resolved     gitHead: 'fa80ab2237a8804ad80b61384fb7fc090930a805',
46 silly resolved     bugs: { url: 'https://github.com/shama/nodewebkit/issues' },
46 silly resolved     homepage: 'https://github.com/shama/nodewebkit',
46 silly resolved     _id: 'nodewebkit@0.11.6',
46 silly resolved     _shasum: '9689a4e795120e1effcbfd12020c120d0e7c11ab',
46 silly resolved     _from: 'nodewebkit@',
46 silly resolved     _npmVersion: '1.4.28',
46 silly resolved     _npmUser: { name: 'shama', email: 'kyle@dontkry.com' },
46 silly resolved     maintainers: [ [Object], [Object] ],
46 silly resolved     dist:
46 silly resolved      { shasum: '9689a4e795120e1effcbfd12020c120d0e7c11ab',
46 silly resolved        tarball: 'http://registry.npmjs.org/nodewebkit/-/nodewebkit-0.11.6.tgz' },
46 silly resolved     directories: {},
46 silly resolved     _resolved: 'https://registry.npmjs.org/nodewebkit/-/nodewebkit-0.11.6.tgz' } ]
47 info install nodewebkit@0.11.6 into /usr/local/lib
48 info installOne nodewebkit@0.11.6
49 verbose lib/node_modules/nodewebkit unbuild
50 verbose tar unpack /Users/kushnir/.npm/nodewebkit/0.11.6/package.tgz
51 silly lockFile e6f98174-ocal-lib-node-modules-nodewebkit tar:///usr/local/lib/node_modules/nodewebkit
52 verbose lock tar:///usr/local/lib/node_modules/nodewebkit /Users/kushnir/.npm/e6f98174-ocal-lib-node-modules-nodewebkit.lock
53 silly lockFile 37e96448-pm-nodewebkit-0-11-6-package-tgz tar:///Users/kushnir/.npm/nodewebkit/0.11.6/package.tgz
54 verbose lock tar:///Users/kushnir/.npm/nodewebkit/0.11.6/package.tgz /Users/kushnir/.npm/37e96448-pm-nodewebkit-0-11-6-package-tgz.lock
55 silly gunzTarPerm modes [ '755', '644' ]
56 error Error: EACCES, mkdir '/usr/local/lib/node_modules/nodewebkit'
56 error  { [Error: EACCES, mkdir '/usr/local/lib/node_modules/nodewebkit']
56 error   errno: 3,
56 error   code: 'EACCES',
56 error   path: '/usr/local/lib/node_modules/nodewebkit',
56 error   fstream_type: 'Directory',
56 error   fstream_path: '/usr/local/lib/node_modules/nodewebkit',
56 error   fstream_class: 'DirWriter',
56 error   fstream_stack:
56 error    [ '/usr/local/lib/node_modules/npm/node_modules/fstream/lib/dir-writer.js:36:23',
56 error      '/usr/local/lib/node_modules/npm/node_modules/mkdirp/index.js:46:53',
56 error      'Object.oncomplete (fs.js:108:15)' ] }
57 error Please try running this command again as root/Administrator.
58 error System Darwin 14.1.0
59 error command "node" "/usr/local/bin/npm" "i" "-g" "nodewebkit"
60 error cwd /Users/kushnir/Works/node/site
61 error node -v v0.10.36
62 error npm -v 1.4.28
63 error path /usr/local/lib/node_modules/nodewebkit
64 error fstream_path /usr/local/lib/node_modules/nodewebkit
65 error fstream_type Directory
66 error fstream_class DirWriter
67 error code EACCES
68 error errno 3
69 error stack Error: EACCES, mkdir '/usr/local/lib/node_modules/nodewebkit'
70 error fstream_stack /usr/local/lib/node_modules/npm/node_modules/fstream/lib/dir-writer.js:36:23
70 error fstream_stack /usr/local/lib/node_modules/npm/node_modules/mkdirp/index.js:46:53
70 error fstream_stack Object.oncomplete (fs.js:108:15)
71 verbose exit [ 3, true ]
